<?xml version="1.0" encoding="UTF-8"?>
<!-- Generated by org.testng.reporters.JUnitXMLReporter -->
<testsuite ignored="0" hostname="matas.local" failures="0" tests="4" name="Default test" time="16.593" errors="0" timestamp="07 Dec 2025 08:37:23 GMT">
  <testcase classname="test.CalculateForMonthlyPaymentPageTest" name="calculateformonthlypaymentpage" time="3.98"/>
  <testcase classname="test.CalculateForMonthlyPaymentPageTest" name="calculateformonthlypaymentpage" time="4.035"/>
  <testcase classname="test.CalculateForMonthlyPaymentPageTest" name="calculateformonthlypaymentpage" time="3.967"/>
  <testcase classname="test.CalculateForMonthlyPaymentPageTest" name="calculateformonthlypaymentpage" time="3.917"/>
</testsuite> <!-- Default test -->
