<?xml version="1.0" encoding="UTF-8"?>
<!-- Generated by org.testng.reporters.JUnitXMLReporter -->
<testsuite ignored="0" hostname="matas.local" failures="0" tests="1" name="Test" time="0.552" errors="0" timestamp="14 Jun 2023 20:11:44 GMT">
  <testcase classname="test.BaseTest" name="@BeforeSuite setup" time="0.0">
    <failure type="org.openqa.selenium.SessionNotCreatedException" message="session not created: This version of ChromeDriver only supports Chrome version 111
Current browser version is 114.0.5735.106 with binary path /Applications/Google Chrome.app/Contents/MacOS/Google Chrome
Build info: version: &amp;apos;3.14.0&amp;apos;, revision: &amp;apos;aacccce0&amp;apos;, time: &amp;apos;2018-08-02T20:19:58.91Z&amp;apos;
System info: host: &amp;apos;matas.local&amp;apos;, ip: &amp;apos;2600:8802:3901:4260:0:0:0:56b2%en0&amp;apos;, os.name: &amp;apos;Mac OS X&amp;apos;, os.arch: &amp;apos;x86_64&amp;apos;, os.version: &amp;apos;11.5&amp;apos;, java.version: &amp;apos;16.0.2&amp;apos;
Driver info: driver.version: ChromeDriver
remote stacktrace: 0   chromedriver                        0x0000000105766428 chromedriver + 4899880
1   chromedriver                        0x00000001056e3a23 chromedriver + 4364835
2   chromedriver                        0x000000010532dbf6 chromedriver + 474102
3   chromedriver                        0x000000010535e970 chromedriver + 674160
4   chromedriver                        0x0000000105359766 chromedriver + 653158
5   chromedriver                        0x0000000105355af9 chromedriver + 637689
6   chromedriver                        0x00000001053a1019 chromedriver + 946201
7   chromedriver                        0x00000001053a03af chromedriver + 943023
8   chromedriver                        0x0000000105397333 chromedriver + 906035
9   chromedriver                        0x000000010536155f chromedriver + 685407
10  chromedriver                        0x0000000105362a7e chromedriver + 690814
11  chromedriver                        0x000000010573379e chromedriver + 4691870
12  chromedriver                        0x0000000105738961 chromedriver + 4712801
13  chromedriver                        0x000000010573f2ff chromedriver + 4739839
14  chromedriver                        0x000000010573985a chromedriver + 4716634
15  chromedriver                        0x000000010570bfce chromedriver + 4530126
16  chromedriver                        0x00000001057595c8 chromedriver + 4847048
17  chromedriver                        0x0000000105759747 chromedriver + 4847431
18  chromedriver                        0x000000010576e87f chromedriver + 4933759
19  libsystem_pthread.dylib             0x00007fff207078fc _pthread_start + 224
20  libsystem_pthread.dylib             0x00007fff20703443 thread_start + 15
">
      <![CDATA[org.openqa.selenium.SessionNotCreatedException: session not created: This version of ChromeDriver only supports Chrome version 111
Current browser version is 114.0.5735.106 with binary path /Applications/Google Chrome.app/Contents/MacOS/Google Chrome
Build info: version: '3.14.0', revision: 'aacccce0', time: '2018-08-02T20:19:58.91Z'
System info: host: 'matas.local', ip: '2600:8802:3901:4260:0:0:0:56b2%en0', os.name: 'Mac OS X', os.arch: 'x86_64', os.version: '11.5', java.version: '16.0.2'
Driver info: driver.version: ChromeDriver
remote stacktrace: 0   chromedriver                        0x0000000105766428 chromedriver + 4899880
1   chromedriver                        0x00000001056e3a23 chromedriver + 4364835
2   chromedriver                        0x000000010532dbf6 chromedriver + 474102
3   chromedriver                        0x000000010535e970 chromedriver + 674160
4   chromedriver                        0x0000000105359766 chromedriver + 653158
5   chromedriver                        0x0000000105355af9 chromedriver + 637689
6   chromedriver                        0x00000001053a1019 chromedriver + 946201
7   chromedriver                        0x00000001053a03af chromedriver + 943023
8   chromedriver                        0x0000000105397333 chromedriver + 906035
9   chromedriver                        0x000000010536155f chromedriver + 685407
10  chromedriver                        0x0000000105362a7e chromedriver + 690814
11  chromedriver                        0x000000010573379e chromedriver + 4691870
12  chromedriver                        0x0000000105738961 chromedriver + 4712801
13  chromedriver                        0x000000010573f2ff chromedriver + 4739839
14  chromedriver                        0x000000010573985a chromedriver + 4716634
15  chromedriver                        0x000000010570bfce chromedriver + 4530126
16  chromedriver                        0x00000001057595c8 chromedriver + 4847048
17  chromedriver                        0x0000000105759747 chromedriver + 4847431
18  chromedriver                        0x000000010576e87f chromedriver + 4933759
19  libsystem_pthread.dylib             0x00007fff207078fc _pthread_start + 224
20  libsystem_pthread.dylib             0x00007fff20703443 thread_start + 15

	at org.openqa.selenium.remote.W3CHandshakeResponse.lambda$new$0(W3CHandshakeResponse.java:57)
	at org.openqa.selenium.remote.W3CHandshakeResponse.lambda$getResponseFunction$2(W3CHandshakeResponse.java:104)
	at org.openqa.selenium.remote.ProtocolHandshake.lambda$createSession$0(ProtocolHandshake.java:122)
	at java.base/java.util.stream.ReferencePipeline$3$1.accept(ReferencePipeline.java:197)
	at java.base/java.util.Spliterators$ArraySpliterator.tryAdvance(Spliterators.java:958)
	at java.base/java.util.stream.ReferencePipeline.forEachWithCancel(ReferencePipeline.java:129)
	at java.base/java.util.stream.AbstractPipeline.copyIntoWithCancel(AbstractPipeline.java:502)
	at java.base/java.util.stream.AbstractPipeline.copyInto(AbstractPipeline.java:488)
	at java.base/java.util.stream.AbstractPipeline.wrapAndCopyInto(AbstractPipeline.java:474)
	at java.base/java.util.stream.FindOps$FindOp.evaluateSequential(FindOps.java:150)
	at java.base/java.util.stream.AbstractPipeline.evaluate(AbstractPipeline.java:234)
	at java.base/java.util.stream.ReferencePipeline.findFirst(ReferencePipeline.java:647)
	at org.openqa.selenium.remote.ProtocolHandshake.createSession(ProtocolHandshake.java:125)
	at org.openqa.selenium.remote.ProtocolHandshake.createSession(ProtocolHandshake.java:73)
	at org.openqa.selenium.remote.HttpCommandExecutor.execute(HttpCommandExecutor.java:136)
	at org.openqa.selenium.remote.service.DriverCommandExecutor.execute(DriverCommandExecutor.java:83)
	at org.openqa.selenium.remote.RemoteWebDriver.execute(RemoteWebDriver.java:548)
	at org.openqa.selenium.remote.RemoteWebDriver.startSession(RemoteWebDriver.java:212)
	at org.openqa.selenium.remote.RemoteWebDriver.<init>(RemoteWebDriver.java:130)
	at org.openqa.selenium.chrome.ChromeDriver.<init>(ChromeDriver.java:181)
	at org.openqa.selenium.chrome.ChromeDriver.<init>(ChromeDriver.java:168)
	at org.openqa.selenium.chrome.ChromeDriver.<init>(ChromeDriver.java:123)
	at test.BaseTest.setup(BaseTest.java:25)
... Removed 24 stack frames]]>
    </failure>
  </testcase> <!-- @BeforeSuite setup -->
  <testcase classname="test.CreateNewAccountPageTest" name="createnewaccountpagetest" time="0.0">
    <skipped/>
  </testcase> <!-- createnewaccountpagetest -->
</testsuite> <!-- Test -->
