<?xml version="1.0" encoding="UTF-8"?>
<testng-results ignored="0" total="4" passed="4" failed="0" skipped="0">
  <reporter-output>
  </reporter-output>
  <suite started-at="2025-12-07T08:37:06Z" name="Default suite" finished-at="2025-12-07T08:37:23Z" duration-ms="16593">
    <groups>
    </groups>
    <test started-at="2025-12-07T08:37:06Z" name="Default test" finished-at="2025-12-07T08:37:23Z" duration-ms="16593">
      <class name="test.CalculateForMonthlyPaymentPageTest">
        <test-method is-config="true" signature="setup()[pri:0, instance:test.CalculateForMonthlyPaymentPageTest@5c7933ad]" started-at="2025-12-07T00:37:03Z" name="setup" finished-at="2025-12-07T00:37:06Z" duration-ms="3287" status="PASS">
          <reporter-output>
          </reporter-output>
        </test-method> <!-- setup -->
        <test-method signature="calculateformonthlypaymentpage(java.lang.String, java.lang.String, java.lang.String, java.lang.String, java.lang.String, java.lang.String)[pri:0, instance:test.CalculateForMonthlyPaymentPageTest@5c7933ad]" started-at="2025-12-07T00:37:07Z" name="calculateformonthlypaymentpage" data-provider="bb1" finished-at="2025-12-07T00:37:11Z" duration-ms="3980" status="PASS">
          <params>
            <param index="0">
              <value>
                <![CDATA[300000]]>
              </value>
            </param>
            <param index="1">
              <value>
                <![CDATA[60000]]>
              </value>
            </param>
            <param index="2">
              <value>
                <![CDATA[30]]>
              </value>
            </param>
            <param index="3">
              <value>
                <![CDATA[3.5]]>
              </value>
            </param>
            <param index="4">
              <value>
                <![CDATA[Monthly Pay:   $1,077.71]]>
              </value>
            </param>
            <param index="5">
              <value>
                <![CDATA[true]]>
              </value>
            </param>
          </params>
          <reporter-output>
          </reporter-output>
        </test-method> <!-- calculateformonthlypaymentpage -->
        <test-method signature="calculateformonthlypaymentpage(java.lang.String, java.lang.String, java.lang.String, java.lang.String, java.lang.String, java.lang.String)[pri:0, instance:test.CalculateForMonthlyPaymentPageTest@5c7933ad]" started-at="2025-12-07T00:37:11Z" name="calculateformonthlypaymentpage" data-provider="bb1" finished-at="2025-12-07T00:37:15Z" duration-ms="4035" status="PASS">
          <params>
            <param index="0">
              <value>
                <![CDATA[150000]]>
              </value>
            </param>
            <param index="1">
              <value>
                <![CDATA[0]]>
              </value>
            </param>
            <param index="2">
              <value>
                <![CDATA[15]]>
              </value>
            </param>
            <param index="3">
              <value>
                <![CDATA[0]]>
              </value>
            </param>
            <param index="4">
              <value>
                <![CDATA[Monthly Pay:   $833.33]]>
              </value>
            </param>
            <param index="5">
              <value>
                <![CDATA[true]]>
              </value>
            </param>
          </params>
          <reporter-output>
          </reporter-output>
        </test-method> <!-- calculateformonthlypaymentpage -->
        <test-method signature="calculateformonthlypaymentpage(java.lang.String, java.lang.String, java.lang.String, java.lang.String, java.lang.String, java.lang.String)[pri:0, instance:test.CalculateForMonthlyPaymentPageTest@5c7933ad]" started-at="2025-12-07T00:37:15Z" name="calculateformonthlypaymentpage" data-provider="bb1" finished-at="2025-12-07T00:37:19Z" duration-ms="3967" status="PASS">
          <params>
            <param index="0">
              <value>
                <![CDATA[500000]]>
              </value>
            </param>
            <param index="1">
              <value>
                <![CDATA[100000]]>
              </value>
            </param>
            <param index="2">
              <value>
                <![CDATA[10]]>
              </value>
            </param>
            <param index="3">
              <value>
                <![CDATA[7]]>
              </value>
            </param>
            <param index="4">
              <value>
                <![CDATA[Monthly Pay:   $4,644.34]]>
              </value>
            </param>
            <param index="5">
              <value>
                <![CDATA[true]]>
              </value>
            </param>
          </params>
          <reporter-output>
          </reporter-output>
        </test-method> <!-- calculateformonthlypaymentpage -->
        <test-method signature="calculateformonthlypaymentpage(java.lang.String, java.lang.String, java.lang.String, java.lang.String, java.lang.String, java.lang.String)[pri:0, instance:test.CalculateForMonthlyPaymentPageTest@5c7933ad]" started-at="2025-12-07T00:37:19Z" name="calculateformonthlypaymentpage" data-provider="bb1" finished-at="2025-12-07T00:37:23Z" duration-ms="3917" status="PASS">
          <params>
            <param index="0">
              <value>
                <![CDATA[-100000]]>
              </value>
            </param>
            <param index="1">
              <value>
                <![CDATA[0]]>
              </value>
            </param>
            <param index="2">
              <value>
                <![CDATA[20]]>
              </value>
            </param>
            <param index="3">
              <value>
                <![CDATA[5]]>
              </value>
            </param>
            <param index="4">
              <value>
                <![CDATA[Monthly Pay:   $0.00]]>
              </value>
            </param>
            <param index="5">
              <value>
                <![CDATA[false]]>
              </value>
            </param>
          </params>
          <reporter-output>
          </reporter-output>
        </test-method> <!-- calculateformonthlypaymentpage -->
        <test-method is-config="true" signature="quitDriver()[pri:0, instance:test.CalculateForMonthlyPaymentPageTest@5c7933ad]" started-at="2025-12-07T00:37:23Z" name="quitDriver" finished-at="2025-12-07T00:37:33Z" duration-ms="10244" status="PASS">
          <reporter-output>
          </reporter-output>
        </test-method> <!-- quitDriver -->
      </class> <!-- test.CalculateForMonthlyPaymentPageTest -->
    </test> <!-- Default test -->
  </suite> <!-- Default suite -->
</testng-results>
