<?xml version="1.0" encoding="UTF-8"?>
<!-- Generated by org.testng.reporters.JUnitReportReporter -->
<testsuite ignored="0" hostname="matas.local" failures="0" tests="4" name="test.CalculateForMonthlyPaymentPageTest" time="15.899" errors="0" timestamp="07 Dec 2025 08:37:33 GMT" skipped="0">
  <testcase classname="test.CalculateForMonthlyPaymentPageTest" name="calculateformonthlypaymentpage" time="3.917"/>
  <testcase classname="test.CalculateForMonthlyPaymentPageTest" name="calculateformonthlypaymentpage" time="3.980"/>
  <testcase classname="test.CalculateForMonthlyPaymentPageTest" name="calculateformonthlypaymentpage" time="4.035"/>
  <testcase classname="test.CalculateForMonthlyPaymentPageTest" name="calculateformonthlypaymentpage" time="3.967"/>
</testsuite> <!-- test.CalculateForMonthlyPaymentPageTest -->
